Using pre-set license
Built from '6000.0/release' branch; Version is '6000.0.29f1 (9fafe5c9db65) revision 10465253'; Using compiler version '193933523'; Build Type 'Release'
OS: 'Windows 11  (10.0.22631) 64bit CoreSingleLanguage' Language: 'en' Physical Memory: 16163 MB
BatchMode: 1, IsHumanControllingUs: 0, StartBugReporterOnCrash: 0, Is64bit: 1, IsPro: 1

COMMAND LINE ARGUMENTS:
D:\Aplikasi\Unity\6000.0.29f1\Editor\Unity.exe
-adb2
-batchMode
-noUpm
-name
AssetImportWorker2
-projectPath
D:/Aplikasi/Unity/Mulmed-project/projectgame/Game-dev-project
-logFile
Logs/AssetImportWorker2.log
-srvPort
54388
-job-worker-count
5
-background-job-worker-count
8
-asset-garbage-collectors
1
Successfully changed project path to: D:/Aplikasi/Unity/Mulmed-project/projectgame/Game-dev-project
D:/Aplikasi/Unity/Mulmed-project/projectgame/Game-dev-project
[UnityMemory] Configuration Parameters - Can be set up in boot.config
    "memorysetup-bucket-allocator-granularity=16"
    "memorysetup-bucket-allocator-bucket-count=8"
    "memorysetup-bucket-allocator-block-size=33554432"
    "memorysetup-bucket-allocator-block-count=8"
    "memorysetup-main-allocator-block-size=16777216"
    "memorysetup-thread-allocator-block-size=16777216"
    "memorysetup-gfx-main-allocator-block-size=16777216"
    "memorysetup-gfx-thread-allocator-block-size=16777216"
    "memorysetup-cache-allocator-block-size=4194304"
    "memorysetup-typetree-allocator-block-size=2097152"
    "memorysetup-profiler-bucket-allocator-granularity=16"
    "memorysetup-profiler-bucket-allocator-bucket-count=8"
    "memorysetup-profiler-bucket-allocator-block-size=33554432"
    "memorysetup-profiler-bucket-allocator-block-count=8"
    "memorysetup-profiler-allocator-block-size=16777216"
    "memorysetup-profiler-editor-allocator-block-size=1048576"
    "memorysetup-temp-allocator-size-main=16777216"
    "memorysetup-job-temp-allocator-block-size=2097152"
    "memorysetup-job-temp-allocator-block-size-background=1048576"
    "memorysetup-job-temp-allocator-reduction-small-platforms=262144"
    "memorysetup-allocator-temp-initial-block-size-main=262144"
    "memorysetup-allocator-temp-initial-block-size-worker=262144"
    "memorysetup-temp-allocator-size-background-worker=32768"
    "memorysetup-temp-allocator-size-job-worker=262144"
    "memorysetup-temp-allocator-size-preload-manager=33554432"
    "memorysetup-temp-allocator-size-nav-mesh-worker=65536"
    "memorysetup-temp-allocator-size-audio-worker=65536"
    "memorysetup-temp-allocator-size-cloud-worker=32768"
    "memorysetup-temp-allocator-size-gi-baking-worker=262144"
    "memorysetup-temp-allocator-size-gi-baking-worker=262144"
    "memorysetup-temp-allocator-size-gi-baking-worker=262144"
    "memorysetup-temp-allocator-size-gi-baking-worker=262144"
    "memorysetup-temp-allocator-size-gi-baking-worker=262144"
    "memorysetup-temp-allocator-size-gfx=262144"
Player connection [21376]  Target information:

Player connection [21376]  * "[IP] 172.20.176.1 [Port] 0 [Flags] 2 [Guid] 756397446 [EditorId] 756397446 [Version] 1048832 [Id] WindowsEditor(7,LAPTOP-4MJFHKR0) [Debug] 1 [PackageName] WindowsEditor [ProjectName] Editor" 

Player connection [21376]  * "[IP] 192.168.110.86 [Port] 0 [Flags] 2 [Guid] 756397446 [EditorId] 756397446 [Version] 1048832 [Id] WindowsEditor(7,LAPTOP-4MJFHKR0) [Debug] 1 [PackageName] WindowsEditor [ProjectName] Editor" 

Player connection [21376] Host joined multi-casting on [225.0.0.222:54997]...
Player connection [21376] Host joined alternative multi-casting on [225.0.0.222:34997]...
JobSystem: Creating JobQueue using job-worker-count value 5
[Physics::Module] Initialized fallback backend.
[Physics::Module] Id: 0xdecafbad
Library Redirect Path: Library/
[Physics::Module] Selected backend.
[Physics::Module] Name: PhysX
[Physics::Module] Id: 0xf2b8ea05
[Physics::Module] SDK Version: 4.1.2
[Physics::Module] Integration Version: 1.0.0
[Physics::Module] Threading Mode: Multi-Threaded
Refreshing native plugins compatible for Editor in 8.05 ms, found 3 plugins.
Preloading 0 native plugins for Editor in 0.00 ms.
Initialize engine version: 6000.0.29f1 (9fafe5c9db65)
[Subsystems] Discovering subsystems at path D:/Aplikasi/Unity/6000.0.29f1/Editor/Data/Resources/UnitySubsystems
[Subsystems] Discovering subsystems at path D:/Aplikasi/Unity/Mulmed-project/projectgame/Game-dev-project/Assets
GfxDevice: creating device client; kGfxThreadingModeNonThreaded
Direct3D:
    Version:  Direct3D 11.0 [level 11.1]
    Renderer: NVIDIA GeForce RTX 3050 Laptop GPU (ID=0x25a2)
    Vendor:   NVIDIA
    VRAM:     3977 MB
    Driver:   31.0.15.2802
Initialize mono
Mono path[0] = 'D:/Aplikasi/Unity/6000.0.29f1/Editor/Data/Managed'
Mono path[1] = 'D:/Aplikasi/Unity/6000.0.29f1/Editor/Data/MonoBleedingEdge/lib/mono/unityjit-win32'
Mono config path = 'D:/Aplikasi/Unity/6000.0.29f1/Editor/Data/MonoBleedingEdge/etc'
Using monoOptions --debugger-agent=transport=dt_socket,embedding=1,server=y,suspend=n,address=127.0.0.1:56548
Begin MonoManager ReloadAssembly
Registering precompiled unity dll's ...
Register platform support module: D:/Aplikasi/Unity/6000.0.29f1/Editor/Data/PlaybackEngines/WindowsStandaloneSupport/UnityEditor.WindowsStandalone.Extensions.dll
Register platform support module: D:/Aplikasi/Unity/6000.0.29f1/Editor/Data/PlaybackEngines/AndroidPlayer/UnityEditor.Android.Extensions.dll
Registered in 0.004074 seconds.
- Loaded All Assemblies, in  0.581 seconds
Native extension for Android target not found
Native extension for WindowsStandalone target not found
Mono: successfully reloaded assembly
- Finished resetting the current domain, in  0.512 seconds
Domain Reload Profiling: 1093ms
	BeginReloadAssembly (257ms)
		ExecutionOrderSort (0ms)
		DisableScriptedObjects (0ms)
		BackupInstance (0ms)
		ReleaseScriptingObjects (0ms)
		CreateAndSetChildDomain (1ms)
	RebuildCommonClasses (48ms)
	RebuildNativeTypeToScriptingClass (15ms)
	initialDomainReloadingComplete (54ms)
	LoadAllAssembliesAndSetupDomain (206ms)
		LoadAssemblies (257ms)
		RebuildTransferFunctionScriptingTraits (0ms)
		AnalyzeDomain (202ms)
			TypeCache.Refresh (201ms)
				TypeCache.ScanAssembly (184ms)
			BuildScriptInfoCaches (0ms)
			ResolveRequiredComponents (1ms)
	FinalizeReload (512ms)
		ReleaseScriptCaches (0ms)
		RebuildScriptCaches (0ms)
		SetupLoadedEditorAssemblies (453ms)
			LogAssemblyErrors (0ms)
			InitializePlatformSupportModulesInManaged (96ms)
			SetLoadedEditorAssemblies (5ms)
			BeforeProcessingInitializeOnLoad (8ms)
			ProcessInitializeOnLoadAttributes (231ms)
			ProcessInitializeOnLoadMethodAttributes (110ms)
			AfterProcessingInitializeOnLoad (3ms)
			EditorAssembliesLoaded (0ms)
		ExecutionOrderSort2 (0ms)
		AwakeInstancesAfterBackupRestoration (0ms)
========================================================================
Worker process is ready to serve import requests
Import Worker Mode flag is 0x00
Begin MonoManager ReloadAssembly
- Loaded All Assemblies, in  1.241 seconds
Refreshing native plugins compatible for Editor in 1.22 ms, found 3 plugins.
Native extension for Android target not found
Native extension for WindowsStandalone target not found
Mono: successfully reloaded assembly
- Finished resetting the current domain, in  1.024 seconds
Domain Reload Profiling: 2264ms
	BeginReloadAssembly (291ms)
		ExecutionOrderSort (0ms)
		DisableScriptedObjects (12ms)
		BackupInstance (0ms)
		ReleaseScriptingObjects (0ms)
		CreateAndSetChildDomain (46ms)
	RebuildCommonClasses (51ms)
	RebuildNativeTypeToScriptingClass (13ms)
	initialDomainReloadingComplete (46ms)
	LoadAllAssembliesAndSetupDomain (838ms)
		LoadAssemblies (608ms)
		RebuildTransferFunctionScriptingTraits (0ms)
		AnalyzeDomain (415ms)
			TypeCache.Refresh (282ms)
				TypeCache.ScanAssembly (248ms)
			BuildScriptInfoCaches (111ms)
			ResolveRequiredComponents (18ms)
	FinalizeReload (1025ms)
		ReleaseScriptCaches (0ms)
		RebuildScriptCaches (0ms)
		SetupLoadedEditorAssemblies (786ms)
			LogAssemblyErrors (0ms)
			InitializePlatformSupportModulesInManaged (14ms)
			SetLoadedEditorAssemblies (7ms)
			BeforeProcessingInitializeOnLoad (81ms)
			ProcessInitializeOnLoadAttributes (550ms)
			ProcessInitializeOnLoadMethodAttributes (128ms)
			AfterProcessingInitializeOnLoad (6ms)
			EditorAssembliesLoaded (0ms)
		ExecutionOrderSort2 (0ms)
		AwakeInstancesAfterBackupRestoration (8ms)
Launched and connected shader compiler UnityShaderCompiler.exe after 0.02 seconds
Refreshing native plugins compatible for Editor in 1.46 ms, found 3 plugins.
Preloading 0 native plugins for Editor in 0.00 ms.
Unloading 215 Unused Serialized files (Serialized files now loaded: 0)
Unloading 5964 unused Assets / (4.0 MB). Loaded Objects now: 6652.
Memory consumption went from 161.5 MB to 157.5 MB.
Total: 8.672200 ms (FindLiveObjects: 0.699200 ms CreateObjectMapping: 0.768000 ms MarkObjects: 4.849800 ms  DeleteObjects: 2.353400 ms)

========================================================================
Received Import Request.
  Time since last request: 87462.321176 seconds.
  path: Assets/Animals_FREE/Meshes
  artifactKey: Guid(84ac2939f15027e4a9471b8f444eb6a7) Importer(815301076,1909f56bfc062723c751e8b465ee728b)
Start importing Assets/Animals_FREE/Meshes using Guid(84ac2939f15027e4a9471b8f444eb6a7) Importer(815301076,1909f56bfc062723c751e8b465ee728b) (PreviewImporter) -> (artifact id: 'fc1fb0ffa36241a7314c7c5b9dc3f0f5') in 0.0200831 seconds
Number of updated asset objects reloaded before import = 0Number of asset objects unloaded after import = 0

========================================================================
Received Import Request.
  Time since last request: 0.054742 seconds.
  path: Assets/Animals_FREE/Meshes/Chicken_001.fbx
  artifactKey: Guid(750998db7fd03a34d9b732aa156d66fe) Importer(815301076,1909f56bfc062723c751e8b465ee728b)
Start importing Assets/Animals_FREE/Meshes/Chicken_001.fbx using Guid(750998db7fd03a34d9b732aa156d66fe) Importer(815301076,1909f56bfc062723c751e8b465ee728b) (PreviewImporter) -> (artifact id: '766954ec972658794f52ed96be46dab6') in 1.1659979 seconds
Number of updated asset objects reloaded before import = 0Number of asset objects unloaded after import = 64

========================================================================
Received Import Request.
  Time since last request: 51.489685 seconds.
  path: Assets/Animals_FREE/Textures
  artifactKey: Guid(94608fc15e955dc4d97a33ed20d25394) Importer(815301076,1909f56bfc062723c751e8b465ee728b)
Start importing Assets/Animals_FREE/Textures using Guid(94608fc15e955dc4d97a33ed20d25394) Importer(815301076,1909f56bfc062723c751e8b465ee728b) (PreviewImporter) -> (artifact id: '84f60ae2d47c4644f45f6a869a402587') in 0.0011023 seconds
Number of updated asset objects reloaded before import = 0Number of asset objects unloaded after import = 0

========================================================================
Received Import Request.
  Time since last request: 0.000031 seconds.
  path: Assets/Animals_FREE/Textures/Texture.png
  artifactKey: Guid(4b1be1ef62aa7e4448271a7d7fcb7325) Importer(815301076,1909f56bfc062723c751e8b465ee728b)
Start importing Assets/Animals_FREE/Textures/Texture.png using Guid(4b1be1ef62aa7e4448271a7d7fcb7325) Importer(815301076,1909f56bfc062723c751e8b465ee728b) (PreviewImporter) -> (artifact id: '53cb66e106c72d49b435d658695932dd') in 0.0323197 seconds
Number of updated asset objects reloaded before import = 0Number of asset objects unloaded after import = 2

========================================================================
Received Import Request.
  Time since last request: 2.010734 seconds.
  path: Assets/Animals_FREE/Scenes
  artifactKey: Guid(f740782e1f6916b4ebe6d4025eec5540) Importer(815301076,1909f56bfc062723c751e8b465ee728b)
Start importing Assets/Animals_FREE/Scenes using Guid(f740782e1f6916b4ebe6d4025eec5540) Importer(815301076,1909f56bfc062723c751e8b465ee728b) (PreviewImporter) -> (artifact id: 'f2b9eb6ca15c5d8fec02ab2963ee8060') in 0.0012815 seconds
Number of updated asset objects reloaded before import = 0Number of asset objects unloaded after import = 0

========================================================================
Received Prepare
Begin MonoManager ReloadAssembly
- Loaded All Assemblies, in  1.199 seconds
Refreshing native plugins compatible for Editor in 1.95 ms, found 3 plugins.
Native extension for Android target not found
Native extension for WindowsStandalone target not found
Mono: successfully reloaded assembly
- Finished resetting the current domain, in  1.370 seconds
Domain Reload Profiling: 2574ms
	BeginReloadAssembly (384ms)
		ExecutionOrderSort (0ms)
		DisableScriptedObjects (27ms)
		BackupInstance (0ms)
		ReleaseScriptingObjects (0ms)
		CreateAndSetChildDomain (97ms)
	RebuildCommonClasses (61ms)
	RebuildNativeTypeToScriptingClass (19ms)
	initialDomainReloadingComplete (39ms)
	LoadAllAssembliesAndSetupDomain (699ms)
		LoadAssemblies (558ms)
		RebuildTransferFunctionScriptingTraits (0ms)
		AnalyzeDomain (330ms)
			TypeCache.Refresh (12ms)
				TypeCache.ScanAssembly (0ms)
			BuildScriptInfoCaches (289ms)
			ResolveRequiredComponents (20ms)
	FinalizeReload (1372ms)
		ReleaseScriptCaches (0ms)
		RebuildScriptCaches (0ms)
		SetupLoadedEditorAssemblies (1046ms)
			LogAssemblyErrors (0ms)
			InitializePlatformSupportModulesInManaged (20ms)
			SetLoadedEditorAssemblies (8ms)
			BeforeProcessingInitializeOnLoad (107ms)
			ProcessInitializeOnLoadAttributes (800ms)
			ProcessInitializeOnLoadMethodAttributes (100ms)
			AfterProcessingInitializeOnLoad (10ms)
			EditorAssembliesLoaded (0ms)
		ExecutionOrderSort2 (0ms)
		AwakeInstancesAfterBackupRestoration (22ms)
Refreshing native plugins compatible for Editor in 1.68 ms, found 3 plugins.
Preloading 0 native plugins for Editor in 0.00 ms.
Unloading 23 Unused Serialized files (Serialized files now loaded: 0)
Unloading 5960 unused Assets / (4.0 MB). Loaded Objects now: 6706.
Memory consumption went from 160.3 MB to 156.3 MB.
Total: 13.515300 ms (FindLiveObjects: 1.516400 ms CreateObjectMapping: 1.397500 ms MarkObjects: 6.632500 ms  DeleteObjects: 3.966500 ms)

Prepare: number of updated asset objects reloaded= 0
========================================================================
Received Import Request.
  Time since last request: 419.312053 seconds.
  path: Assets/1_Tile/Tile 1.prefab
  artifactKey: Guid(51a39633887958f47a49eab5559b6dfc) Importer(815301076,1909f56bfc062723c751e8b465ee728b)
Start importing Assets/1_Tile/Tile 1.prefab using Guid(51a39633887958f47a49eab5559b6dfc) Importer(815301076,1909f56bfc062723c751e8b465ee728b) (PreviewImporter) -> (artifact id: '100d170f5950163cad7a815cc6eb4321') in 0.7066721 seconds
Number of updated asset objects reloaded before import = 0Number of asset objects unloaded after import = 538

========================================================================
Received Import Request.
  Time since last request: 3.355310 seconds.
  path: Assets/1_Tile/Tile 1.prefab
  artifactKey: Guid(51a39633887958f47a49eab5559b6dfc) Importer(815301076,1909f56bfc062723c751e8b465ee728b)
Start importing Assets/1_Tile/Tile 1.prefab using Guid(51a39633887958f47a49eab5559b6dfc) Importer(815301076,1909f56bfc062723c751e8b465ee728b) (PreviewImporter) -> (artifact id: '0666c006ed963a377f67820da6c62a7a') in 0.0639324 seconds
Number of updated asset objects reloaded before import = 0Number of asset objects unloaded after import = 538

========================================================================
Received Import Request.
  Time since last request: 0.962722 seconds.
  path: Assets/1_Tile/Tile 1.prefab
  artifactKey: Guid(51a39633887958f47a49eab5559b6dfc) Importer(815301076,1909f56bfc062723c751e8b465ee728b)
Start importing Assets/1_Tile/Tile 1.prefab using Guid(51a39633887958f47a49eab5559b6dfc) Importer(815301076,1909f56bfc062723c751e8b465ee728b) (PreviewImporter) -> (artifact id: 'c7cd3880d68a3d3f5a7a5858efbe23ac') in 0.0537944 seconds
Number of updated asset objects reloaded before import = 0Number of asset objects unloaded after import = 538

========================================================================
Received Import Request.
  Time since last request: 7.946372 seconds.
  path: Assets/1_Tile/Tile 1.prefab
  artifactKey: Guid(51a39633887958f47a49eab5559b6dfc) Importer(815301076,1909f56bfc062723c751e8b465ee728b)
Start importing Assets/1_Tile/Tile 1.prefab using Guid(51a39633887958f47a49eab5559b6dfc) Importer(815301076,1909f56bfc062723c751e8b465ee728b) (PreviewImporter) -> (artifact id: 'd0432cc580e39b76842128bb6e34a630') in 0.0520779 seconds
Number of updated asset objects reloaded before import = 0Number of asset objects unloaded after import = 538

========================================================================
Received Import Request.
  Time since last request: 4.334887 seconds.
  path: Assets/1_Tile/Tile 1.prefab
  artifactKey: Guid(51a39633887958f47a49eab5559b6dfc) Importer(815301076,1909f56bfc062723c751e8b465ee728b)
Start importing Assets/1_Tile/Tile 1.prefab using Guid(51a39633887958f47a49eab5559b6dfc) Importer(815301076,1909f56bfc062723c751e8b465ee728b) (PreviewImporter) -> (artifact id: '90c122848c800cd50b049d4dd17a98a7') in 0.0525776 seconds
Number of updated asset objects reloaded before import = 0Number of asset objects unloaded after import = 538

========================================================================
Received Import Request.
  Time since last request: 10.352770 seconds.
  path: Assets/1_Tile/Tile 1.prefab
  artifactKey: Guid(51a39633887958f47a49eab5559b6dfc) Importer(815301076,1909f56bfc062723c751e8b465ee728b)
Start importing Assets/1_Tile/Tile 1.prefab using Guid(51a39633887958f47a49eab5559b6dfc) Importer(815301076,1909f56bfc062723c751e8b465ee728b) (PreviewImporter) -> (artifact id: '97dbfb662d438e162daf80c87dda5f59') in 0.0437214 seconds
Number of updated asset objects reloaded before import = 0Number of asset objects unloaded after import = 533

========================================================================
Received Import Request.
  Time since last request: 1.388147 seconds.
  path: Assets/1_Tile/Tile 1.prefab
  artifactKey: Guid(51a39633887958f47a49eab5559b6dfc) Importer(815301076,1909f56bfc062723c751e8b465ee728b)
Start importing Assets/1_Tile/Tile 1.prefab using Guid(51a39633887958f47a49eab5559b6dfc) Importer(815301076,1909f56bfc062723c751e8b465ee728b) (PreviewImporter) -> (artifact id: '7c5da519337a2677012e13f64ded95f8') in 0.0449761 seconds
Number of updated asset objects reloaded before import = 0Number of asset objects unloaded after import = 528

========================================================================
Received Import Request.
  Time since last request: 30.964092 seconds.
  path: Assets/1_Tile/Tile 1.prefab
  artifactKey: Guid(51a39633887958f47a49eab5559b6dfc) Importer(815301076,1909f56bfc062723c751e8b465ee728b)
Start importing Assets/1_Tile/Tile 1.prefab using Guid(51a39633887958f47a49eab5559b6dfc) Importer(815301076,1909f56bfc062723c751e8b465ee728b) (PreviewImporter) -> (artifact id: 'b0c2d6551bbaefa85d9ad134f9b2727d') in 0.0563222 seconds
Number of updated asset objects reloaded before import = 0Number of asset objects unloaded after import = 528

========================================================================
Received Import Request.
  Time since last request: 1.328712 seconds.
  path: Assets/1_Tile/Tile 1.prefab
  artifactKey: Guid(51a39633887958f47a49eab5559b6dfc) Importer(815301076,1909f56bfc062723c751e8b465ee728b)
Start importing Assets/1_Tile/Tile 1.prefab using Guid(51a39633887958f47a49eab5559b6dfc) Importer(815301076,1909f56bfc062723c751e8b465ee728b) (PreviewImporter) -> (artifact id: 'db818889d6bb088c251aec450dfe01e9') in 0.0566637 seconds
Number of updated asset objects reloaded before import = 0Number of asset objects unloaded after import = 528

========================================================================
Received Import Request.
  Time since last request: 4.664724 seconds.
  path: Assets/1_Tile/Tile 1.prefab
  artifactKey: Guid(51a39633887958f47a49eab5559b6dfc) Importer(815301076,1909f56bfc062723c751e8b465ee728b)
Start importing Assets/1_Tile/Tile 1.prefab using Guid(51a39633887958f47a49eab5559b6dfc) Importer(815301076,1909f56bfc062723c751e8b465ee728b) (PreviewImporter) -> (artifact id: '88d989070c36a19dfe238a66d5f4baa4') in 0.0476771 seconds
Number of updated asset objects reloaded before import = 0Number of asset objects unloaded after import = 528

========================================================================
Received Import Request.
  Time since last request: 70.270512 seconds.
  path: Assets/Art
  artifactKey: Guid(124f0e10fa05d0947b7e851174da9362) Importer(815301076,1909f56bfc062723c751e8b465ee728b)
Start importing Assets/Art using Guid(124f0e10fa05d0947b7e851174da9362) Importer(815301076,1909f56bfc062723c751e8b465ee728b) (PreviewImporter) -> (artifact id: '77bbf4f14b1bbed81bd53a4db20135d0') in 0.0016001 seconds
Number of updated asset objects reloaded before import = 0Number of asset objects unloaded after import = 0

========================================================================
Received Import Request.
  Time since last request: 3.219987 seconds.
  path: Assets/Mess Maker Free
  artifactKey: Guid(1565ad89c37fbc84ab0aa06d533eb58f) Importer(815301076,1909f56bfc062723c751e8b465ee728b)
Start importing Assets/Mess Maker Free using Guid(1565ad89c37fbc84ab0aa06d533eb58f) Importer(815301076,1909f56bfc062723c751e8b465ee728b) (PreviewImporter) -> (artifact id: 'd82d1e9933533d2eac646b19eae9324c') in 0.0010659 seconds
Number of updated asset objects reloaded before import = 0Number of asset objects unloaded after import = 0

========================================================================
Received Import Request.
  Time since last request: 2.145692 seconds.
  path: Assets/Mess Maker Free/Prefabs
  artifactKey: Guid(577dd5cc83f01a0498d4c59e38e486e5) Importer(815301076,1909f56bfc062723c751e8b465ee728b)
Start importing Assets/Mess Maker Free/Prefabs using Guid(577dd5cc83f01a0498d4c59e38e486e5) Importer(815301076,1909f56bfc062723c751e8b465ee728b) (PreviewImporter) -> (artifact id: '6cfde8340e0e9647d4520747b741dbe5') in 0.0010798 seconds
Number of updated asset objects reloaded before import = 0Number of asset objects unloaded after import = 0

========================================================================
Received Import Request.
  Time since last request: 0.106947 seconds.
  path: Assets/Mess Maker Free/Prefabs/Mess Maker.prefab
  artifactKey: Guid(ac1b1b5e1165c114684ef1b66f53b774) Importer(815301076,1909f56bfc062723c751e8b465ee728b)
Start importing Assets/Mess Maker Free/Prefabs/Mess Maker.prefab using Guid(ac1b1b5e1165c114684ef1b66f53b774) Importer(815301076,1909f56bfc062723c751e8b465ee728b) (PreviewImporter) -> (artifact id: 'b65b2c6ab4c8c5ed4bb5a6c558d3261d') in 0.004616 seconds
Number of updated asset objects reloaded before import = 0Number of asset objects unloaded after import = 6

========================================================================
Received Import Request.
  Time since last request: 0.000036 seconds.
  path: Assets/Mess Maker Free/Prefabs/Mess Maker Poole High Poly.prefab
  artifactKey: Guid(d9c7cf1a6a245e04f9d819e9df397dbc) Importer(815301076,1909f56bfc062723c751e8b465ee728b)
Start importing Assets/Mess Maker Free/Prefabs/Mess Maker Poole High Poly.prefab using Guid(d9c7cf1a6a245e04f9d819e9df397dbc) Importer(815301076,1909f56bfc062723c751e8b465ee728b) (PreviewImporter) -> (artifact id: '9712e44cdd75dc818c9b1e8ac45a302f') in 0.0026145 seconds
Number of updated asset objects reloaded before import = 0Number of asset objects unloaded after import = 5

========================================================================
Received Import Request.
  Time since last request: 0.000042 seconds.
  path: Assets/Mess Maker Free/Prefabs/Mess Maker Poole Low Poly.prefab
  artifactKey: Guid(eb77577b68aca20459a725c42365a5e8) Importer(815301076,1909f56bfc062723c751e8b465ee728b)
Start importing Assets/Mess Maker Free/Prefabs/Mess Maker Poole Low Poly.prefab using Guid(eb77577b68aca20459a725c42365a5e8) Importer(815301076,1909f56bfc062723c751e8b465ee728b) (PreviewImporter) -> (artifact id: 'eb10e5ca3c27a10d200c6a50e26de9f4') in 0.0029142 seconds
Number of updated asset objects reloaded before import = 0Number of asset objects unloaded after import = 5

========================================================================
Received Import Request.
  Time since last request: 2.585357 seconds.
  path: Assets/Mess Maker Free/Prefabs/High Poly
  artifactKey: Guid(5d5413e4b26be584798ac7e4a78b1d78) Importer(815301076,1909f56bfc062723c751e8b465ee728b)
Start importing Assets/Mess Maker Free/Prefabs/High Poly using Guid(5d5413e4b26be584798ac7e4a78b1d78) Importer(815301076,1909f56bfc062723c751e8b465ee728b) (PreviewImporter) -> (artifact id: 'cc7b1d5e37efe80f508de949d01ad265') in 0.0011817 seconds
Number of updated asset objects reloaded before import = 0Number of asset objects unloaded after import = 0

========================================================================
Received Import Request.
  Time since last request: 7.266437 seconds.
  path: Assets/Mess Maker Free/Prefabs/High Poly/Food
  artifactKey: Guid(ae40b7aad0fcf124dacfd7b78ae81fa2) Importer(815301076,1909f56bfc062723c751e8b465ee728b)
Start importing Assets/Mess Maker Free/Prefabs/High Poly/Food using Guid(ae40b7aad0fcf124dacfd7b78ae81fa2) Importer(815301076,1909f56bfc062723c751e8b465ee728b) (PreviewImporter) -> (artifact id: '8a058a41f080acfe6be2bf8c24d9e4c0') in 0.0009756 seconds
Number of updated asset objects reloaded before import = 0Number of asset objects unloaded after import = 0

========================================================================
Received Import Request.
  Time since last request: 0.122524 seconds.
  path: Assets/Mess Maker Free/Prefabs/High Poly/Food/Apple Core Green.prefab
  artifactKey: Guid(bd75deb20c1e65f43b506a25a0b3b293) Importer(815301076,1909f56bfc062723c751e8b465ee728b)
Start importing Assets/Mess Maker Free/Prefabs/High Poly/Food/Apple Core Green.prefab using Guid(bd75deb20c1e65f43b506a25a0b3b293) Importer(815301076,1909f56bfc062723c751e8b465ee728b) (PreviewImporter) -> (artifact id: '6c547eec106ac0b2fb17f09361a423d3') in 0.0526881 seconds
Number of updated asset objects reloaded before import = 0Number of asset objects unloaded after import = 12

========================================================================
Received Import Request.
  Time since last request: 0.000036 seconds.
  path: Assets/Mess Maker Free/Prefabs/High Poly/Food/Fish Bone.prefab
  artifactKey: Guid(28b58cc1843a34c4184023567cecfaf9) Importer(815301076,1909f56bfc062723c751e8b465ee728b)
Start importing Assets/Mess Maker Free/Prefabs/High Poly/Food/Fish Bone.prefab using Guid(28b58cc1843a34c4184023567cecfaf9) Importer(815301076,1909f56bfc062723c751e8b465ee728b) (PreviewImporter) -> (artifact id: '5eb61c7c31af7774def3a635a13728fa') in 0.0319697 seconds
Number of updated asset objects reloaded before import = 0Number of asset objects unloaded after import = 12

========================================================================
Received Import Request.
  Time since last request: 0.000035 seconds.
  path: Assets/Mess Maker Free/Prefabs/High Poly/Food/Half Eaten Cheeseburger.prefab
  artifactKey: Guid(7f725a7b906170448aa25252038afb3a) Importer(815301076,1909f56bfc062723c751e8b465ee728b)
Start importing Assets/Mess Maker Free/Prefabs/High Poly/Food/Half Eaten Cheeseburger.prefab using Guid(7f725a7b906170448aa25252038afb3a) Importer(815301076,1909f56bfc062723c751e8b465ee728b) (PreviewImporter) -> (artifact id: 'a2caf7ed5487b0b2a8404d35a92f02df') in 0.0333565 seconds
Number of updated asset objects reloaded before import = 0Number of asset objects unloaded after import = 12

========================================================================
Received Import Request.
  Time since last request: 0.000049 seconds.
  path: Assets/Mess Maker Free/Prefabs/High Poly/Food/Fish Bone 2.prefab
  artifactKey: Guid(6288313a6a65fad4bbb68687be0c0c57) Importer(815301076,1909f56bfc062723c751e8b465ee728b)
Start importing Assets/Mess Maker Free/Prefabs/High Poly/Food/Fish Bone 2.prefab using Guid(6288313a6a65fad4bbb68687be0c0c57) Importer(815301076,1909f56bfc062723c751e8b465ee728b) (PreviewImporter) -> (artifact id: '9dc56ab421aafe3f106e4a34207eac86') in 0.0261011 seconds
Number of updated asset objects reloaded before import = 0Number of asset objects unloaded after import = 12

========================================================================
Received Import Request.
  Time since last request: 8.319309 seconds.
  path: Assets/Mess Maker Free/Prefabs/High Poly/Glass Bottles
  artifactKey: Guid(8100eda82b94a7a4d926842e3fdadfb8) Importer(815301076,1909f56bfc062723c751e8b465ee728b)
Start importing Assets/Mess Maker Free/Prefabs/High Poly/Glass Bottles using Guid(8100eda82b94a7a4d926842e3fdadfb8) Importer(815301076,1909f56bfc062723c751e8b465ee728b) (PreviewImporter) -> (artifact id: '0698e80b7a16ae08ca8cab9ca7995c4e') in 0.0015587 seconds
Number of updated asset objects reloaded before import = 0Number of asset objects unloaded after import = 0

========================================================================
Received Import Request.
  Time since last request: 0.556182 seconds.
  path: Assets/Mess Maker Free/Prefabs/High Poly/Porcelin and Pottery
  artifactKey: Guid(c93d683af55d3114c93f19cd08eae257) Importer(815301076,1909f56bfc062723c751e8b465ee728b)
Start importing Assets/Mess Maker Free/Prefabs/High Poly/Porcelin and Pottery using Guid(c93d683af55d3114c93f19cd08eae257) Importer(815301076,1909f56bfc062723c751e8b465ee728b) (PreviewImporter) -> (artifact id: 'fab278b619d971dca99b8b31e7cc18c6') in 0.0011117 seconds
Number of updated asset objects reloaded before import = 0Number of asset objects unloaded after import = 0

========================================================================
Received Import Request.
  Time since last request: 0.109975 seconds.
  path: Assets/Mess Maker Free/Prefabs/High Poly/Porcelin and Pottery/Broken Plate.prefab
  artifactKey: Guid(4d623f0f3b0a1864f8e1dfe22751e4e1) Importer(815301076,1909f56bfc062723c751e8b465ee728b)
Start importing Assets/Mess Maker Free/Prefabs/High Poly/Porcelin and Pottery/Broken Plate.prefab using Guid(4d623f0f3b0a1864f8e1dfe22751e4e1) Importer(815301076,1909f56bfc062723c751e8b465ee728b) (PreviewImporter) -> (artifact id: 'c3d33af16d31684be3653a6a28004cab') in 0.0334422 seconds
Number of updated asset objects reloaded before import = 0Number of asset objects unloaded after import = 10

========================================================================
Received Import Request.
  Time since last request: 0.000040 seconds.
  path: Assets/Mess Maker Free/Prefabs/High Poly/Porcelin and Pottery/Mug Wood.prefab
  artifactKey: Guid(0c151e8b229a7e34ab8f87c12c618a32) Importer(815301076,1909f56bfc062723c751e8b465ee728b)
Start importing Assets/Mess Maker Free/Prefabs/High Poly/Porcelin and Pottery/Mug Wood.prefab using Guid(0c151e8b229a7e34ab8f87c12c618a32) Importer(815301076,1909f56bfc062723c751e8b465ee728b) (PreviewImporter) -> (artifact id: '976c3356c6eee344b46e698afa9611d3') in 0.0331922 seconds
Number of updated asset objects reloaded before import = 0Number of asset objects unloaded after import = 12

========================================================================
Received Import Request.
  Time since last request: 0.000043 seconds.
  path: Assets/Mess Maker Free/Prefabs/High Poly/Porcelin and Pottery/Wine Glass.prefab
  artifactKey: Guid(f6fab6cd91c4f5c44a9dcff4b0ae3ca4) Importer(815301076,1909f56bfc062723c751e8b465ee728b)
Start importing Assets/Mess Maker Free/Prefabs/High Poly/Porcelin and Pottery/Wine Glass.prefab using Guid(f6fab6cd91c4f5c44a9dcff4b0ae3ca4) Importer(815301076,1909f56bfc062723c751e8b465ee728b) (PreviewImporter) -> (artifact id: '87f168dbe034327c25bacfc05185f482') in 0.0669134 seconds
Number of updated asset objects reloaded before import = 0Number of asset objects unloaded after import = 10

========================================================================
Received Import Request.
  Time since last request: 4.774149 seconds.
  path: Assets/Mess Maker Free/Prefabs/High Poly/Glass Bottles/Beer Bottle Blue with Label.prefab
  artifactKey: Guid(adffeaf7a5f1f6a49b3d7d275ca84f2e) Importer(815301076,1909f56bfc062723c751e8b465ee728b)
Start importing Assets/Mess Maker Free/Prefabs/High Poly/Glass Bottles/Beer Bottle Blue with Label.prefab using Guid(adffeaf7a5f1f6a49b3d7d275ca84f2e) Importer(815301076,1909f56bfc062723c751e8b465ee728b) (PreviewImporter) -> (artifact id: 'de968bf17e0af2e6360b2f4652b0f7a8') in 0.0337746 seconds
Number of updated asset objects reloaded before import = 0Number of asset objects unloaded after import = 17

========================================================================
Received Import Request.
  Time since last request: 0.000048 seconds.
  path: Assets/Mess Maker Free/Prefabs/High Poly/Glass Bottles/Wine Bottle Green with Label.prefab
  artifactKey: Guid(189db782fd29ba749a4618c937fc6614) Importer(815301076,1909f56bfc062723c751e8b465ee728b)
Start importing Assets/Mess Maker Free/Prefabs/High Poly/Glass Bottles/Wine Bottle Green with Label.prefab using Guid(189db782fd29ba749a4618c937fc6614) Importer(815301076,1909f56bfc062723c751e8b465ee728b) (PreviewImporter) -> (artifact id: '674bf096e87dd8d305f92d936acd7ceb') in 0.0350402 seconds
Number of updated asset objects reloaded before import = 0Number of asset objects unloaded after import = 17

========================================================================
Received Import Request.
  Time since last request: 0.000043 seconds.
  path: Assets/Mess Maker Free/Prefabs/High Poly/Glass Bottles/Vodka Bottle.prefab
  artifactKey: Guid(53cd7359f481927469e4321600596c6b) Importer(815301076,1909f56bfc062723c751e8b465ee728b)
Start importing Assets/Mess Maker Free/Prefabs/High Poly/Glass Bottles/Vodka Bottle.prefab using Guid(53cd7359f481927469e4321600596c6b) Importer(815301076,1909f56bfc062723c751e8b465ee728b) (PreviewImporter) -> (artifact id: '90218c828add2ce3b4157dbb6266194e') in 0.0290653 seconds
Number of updated asset objects reloaded before import = 0Number of asset objects unloaded after import = 10

========================================================================
Received Import Request.
  Time since last request: 0.000059 seconds.
  path: Assets/Mess Maker Free/Prefabs/High Poly/Glass Bottles/Beer Bottle Red with Label.prefab
  artifactKey: Guid(0978379453ae6ac4ea619bc92a25e42d) Importer(815301076,1909f56bfc062723c751e8b465ee728b)
Start importing Assets/Mess Maker Free/Prefabs/High Poly/Glass Bottles/Beer Bottle Red with Label.prefab using Guid(0978379453ae6ac4ea619bc92a25e42d) Importer(815301076,1909f56bfc062723c751e8b465ee728b) (PreviewImporter) -> (artifact id: '0e98e08d67de6abe4464326507c19113') in 0.0248736 seconds
Number of updated asset objects reloaded before import = 0Number of asset objects unloaded after import = 17

========================================================================
Received Import Request.
  Time since last request: 0.000036 seconds.
  path: Assets/Mess Maker Free/Prefabs/High Poly/Glass Bottles/Wine Bottle Red.prefab
  artifactKey: Guid(202eba5672e16314589aab5392ac3ccf) Importer(815301076,1909f56bfc062723c751e8b465ee728b)
Start importing Assets/Mess Maker Free/Prefabs/High Poly/Glass Bottles/Wine Bottle Red.prefab using Guid(202eba5672e16314589aab5392ac3ccf) Importer(815301076,1909f56bfc062723c751e8b465ee728b) (PreviewImporter) -> (artifact id: '04b899da54f4d6bf2b28731d6e0074f4') in 0.0144311 seconds
Number of updated asset objects reloaded before import = 0Number of asset objects unloaded after import = 10

========================================================================
Received Import Request.
  Time since last request: 25.441661 seconds.
  path: Assets/Mess Maker Free/Materials/Textures/AppleCoreAlbido.png
  artifactKey: Guid(6489498436f545349909b715e4d6e083) Importer(815301076,1909f56bfc062723c751e8b465ee728b)
Start importing Assets/Mess Maker Free/Materials/Textures/AppleCoreAlbido.png using Guid(6489498436f545349909b715e4d6e083) Importer(815301076,1909f56bfc062723c751e8b465ee728b) (PreviewImporter) -> (artifact id: 'a1d4e93d8babf3e37e9479bbf45f3550') in 0.0401047 seconds
Number of updated asset objects reloaded before import = 0Number of asset objects unloaded after import = 2

========================================================================
Received Import Request.
  Time since last request: 0.000054 seconds.
  path: Assets/Mess Maker Free/Materials/Textures/Wood Normal.png
  artifactKey: Guid(3dd41c17629f83941aa2347b91373729) Importer(815301076,1909f56bfc062723c751e8b465ee728b)
Start importing Assets/Mess Maker Free/Materials/Textures/Wood Normal.png using Guid(3dd41c17629f83941aa2347b91373729) Importer(815301076,1909f56bfc062723c751e8b465ee728b) (PreviewImporter) -> (artifact id: 'fa2c5da5503a625de28edc81a1ee7c4b') in 0.042485 seconds
Number of updated asset objects reloaded before import = 0Number of asset objects unloaded after import = 2

========================================================================
Received Import Request.
  Time since last request: 0.000048 seconds.
  path: Assets/Mess Maker Free/Materials/Textures/Chicken Bone NRM.png
  artifactKey: Guid(164b14f55ca68e94cb8abc775977f969) Importer(815301076,1909f56bfc062723c751e8b465ee728b)
Start importing Assets/Mess Maker Free/Materials/Textures/Chicken Bone NRM.png using Guid(164b14f55ca68e94cb8abc775977f969) Importer(815301076,1909f56bfc062723c751e8b465ee728b) (PreviewImporter) -> (artifact id: '24df514ed409190671466206bb2aab12') in 0.0220018 seconds
Number of updated asset objects reloaded before import = 0Number of asset objects unloaded after import = 2

========================================================================
Received Import Request.
  Time since last request: 0.000035 seconds.
  path: Assets/Mess Maker Free/Materials/Textures/Burgar_base.png
  artifactKey: Guid(14ef9d59fae2f4b41a0a38dd57981048) Importer(815301076,1909f56bfc062723c751e8b465ee728b)
Start importing Assets/Mess Maker Free/Materials/Textures/Burgar_base.png using Guid(14ef9d59fae2f4b41a0a38dd57981048) Importer(815301076,1909f56bfc062723c751e8b465ee728b) (PreviewImporter) -> (artifact id: '827af81512618ab83e364a4b39350618') in 0.0245533 seconds
Number of updated asset objects reloaded before import = 0Number of asset objects unloaded after import = 2

========================================================================
Received Import Request.
  Time since last request: 0.000042 seconds.
  path: Assets/Mess Maker Free/Materials/Textures/Soda Can Orange.png
  artifactKey: Guid(bc58a7c75d268d646b483b2a21814700) Importer(815301076,1909f56bfc062723c751e8b465ee728b)
Start importing Assets/Mess Maker Free/Materials/Textures/Soda Can Orange.png using Guid(bc58a7c75d268d646b483b2a21814700) Importer(815301076,1909f56bfc062723c751e8b465ee728b) (PreviewImporter) -> (artifact id: 'c827b0bc3953872f3061dd9b008ac160') in 0.0276089 seconds
Number of updated asset objects reloaded before import = 0Number of asset objects unloaded after import = 2

========================================================================
Received Import Request.
  Time since last request: 0.000031 seconds.
  path: Assets/Mess Maker Free/Materials/Textures/CityMapNrm.png
  artifactKey: Guid(503e094516ae6c74cb7b8f62f67c86cf) Importer(815301076,1909f56bfc062723c751e8b465ee728b)
Start importing Assets/Mess Maker Free/Materials/Textures/CityMapNrm.png using Guid(503e094516ae6c74cb7b8f62f67c86cf) Importer(815301076,1909f56bfc062723c751e8b465ee728b) (PreviewImporter) -> (artifact id: '70d822d7a48cf11a947a2c6b5d690644') in 0.0227925 seconds
Number of updated asset objects reloaded before import = 0Number of asset objects unloaded after import = 2

========================================================================
Received Import Request.
  Time since last request: 0.000031 seconds.
  path: Assets/Mess Maker Free/Materials/Textures/Soda Can Green.png
  artifactKey: Guid(00cca3455e8ea24499703cb3662c218f) Importer(815301076,1909f56bfc062723c751e8b465ee728b)
Start importing Assets/Mess Maker Free/Materials/Textures/Soda Can Green.png using Guid(00cca3455e8ea24499703cb3662c218f) Importer(815301076,1909f56bfc062723c751e8b465ee728b) (PreviewImporter) -> (artifact id: 'd0caf80adc534b341a42d9650071a4d0') in 0.0256562 seconds
Number of updated asset objects reloaded before import = 0Number of asset objects unloaded after import = 2

========================================================================
Received Import Request.
  Time since last request: 0.000027 seconds.
  path: Assets/Mess Maker Free/Materials/Textures/CityMap.png
  artifactKey: Guid(0ba8d0e67b8853248a06f8deff95e94c) Importer(815301076,1909f56bfc062723c751e8b465ee728b)
Start importing Assets/Mess Maker Free/Materials/Textures/CityMap.png using Guid(0ba8d0e67b8853248a06f8deff95e94c) Importer(815301076,1909f56bfc062723c751e8b465ee728b) (PreviewImporter) -> (artifact id: 'c6c0ddad9ce88fb78e28d7dc2a63b4a7') in 0.0268435 seconds
Number of updated asset objects reloaded before import = 0Number of asset objects unloaded after import = 2

========================================================================
Received Import Request.
  Time since last request: 0.000031 seconds.
  path: Assets/Mess Maker Free/Materials/Textures/screen_normal.tif
  artifactKey: Guid(2c7c6a7cd98714443971176369b51bf6) Importer(815301076,1909f56bfc062723c751e8b465ee728b)
Start importing Assets/Mess Maker Free/Materials/Textures/screen_normal.tif using Guid(2c7c6a7cd98714443971176369b51bf6) Importer(815301076,1909f56bfc062723c751e8b465ee728b) (PreviewImporter) -> (artifact id: 'bc15197d7110101115d58320ff91b419') in 0.0521342 seconds
Number of updated asset objects reloaded before import = 0Number of asset objects unloaded after import = 2

========================================================================
Received Import Request.
  Time since last request: 3.318176 seconds.
  path: Assets/Mess Maker Free/Materials/AppleCore Green.mat
  artifactKey: Guid(e54c46fda7b9f6f458650f3be75c7919) Importer(815301076,1909f56bfc062723c751e8b465ee728b)
Start importing Assets/Mess Maker Free/Materials/AppleCore Green.mat using Guid(e54c46fda7b9f6f458650f3be75c7919) Importer(815301076,1909f56bfc062723c751e8b465ee728b) (PreviewImporter) -> (artifact id: '967fe5b8a993034da99a5c6ca528b290') in 0.0793308 seconds
Number of updated asset objects reloaded before import = 0Number of asset objects unloaded after import = 3

========================================================================
Received Import Request.
  Time since last request: 0.000051 seconds.
  path: Assets/Mess Maker Free/Materials/Wine Label Green.mat
  artifactKey: Guid(911d4198a6f0d3d4785efec0606553ab) Importer(815301076,1909f56bfc062723c751e8b465ee728b)
Start importing Assets/Mess Maker Free/Materials/Wine Label Green.mat using Guid(911d4198a6f0d3d4785efec0606553ab) Importer(815301076,1909f56bfc062723c751e8b465ee728b) (PreviewImporter) -> (artifact id: 'd1e06df36dde0affa136f6d07d80920c') in 0.0285205 seconds
Number of updated asset objects reloaded before import = 0Number of asset objects unloaded after import = 2

========================================================================
Received Import Request.
  Time since last request: 0.000048 seconds.
  path: Assets/Mess Maker Free/Materials/Glass Red.mat
  artifactKey: Guid(7cf48fd5766c6434793af2f49f0643cb) Importer(815301076,1909f56bfc062723c751e8b465ee728b)
Start importing Assets/Mess Maker Free/Materials/Glass Red.mat using Guid(7cf48fd5766c6434793af2f49f0643cb) Importer(815301076,1909f56bfc062723c751e8b465ee728b) (PreviewImporter) -> (artifact id: 'bbc06eef5c32cc35d39f2af84ed192ac') in 0.0120502 seconds
Number of updated asset objects reloaded before import = 0Number of asset objects unloaded after import = 1

========================================================================
Received Import Request.
  Time since last request: 0.000055 seconds.
  path: Assets/Mess Maker Free/Materials/RockBrown.mat
  artifactKey: Guid(c4f9a235e62de2a40aced9042113fd1b) Importer(815301076,1909f56bfc062723c751e8b465ee728b)
Start importing Assets/Mess Maker Free/Materials/RockBrown.mat using Guid(c4f9a235e62de2a40aced9042113fd1b) Importer(815301076,1909f56bfc062723c751e8b465ee728b) (PreviewImporter) -> (artifact id: 'ce3de8b5c4fb5dcbf82fe6d4604e0db4') in 0.1128265 seconds
Number of updated asset objects reloaded before import = 0Number of asset objects unloaded after import = 4

========================================================================
Received Import Request.
  Time since last request: 0.000034 seconds.
  path: Assets/Mess Maker Free/Materials/Soda Can Green.mat
  artifactKey: Guid(27887615c4509034aaad881d3a8efcb1) Importer(815301076,1909f56bfc062723c751e8b465ee728b)
Start importing Assets/Mess Maker Free/Materials/Soda Can Green.mat using Guid(27887615c4509034aaad881d3a8efcb1) Importer(815301076,1909f56bfc062723c751e8b465ee728b) (PreviewImporter) -> (artifact id: '36e2f9e0b6b383958831bf6980390be9') in 0.015233 seconds
Number of updated asset objects reloaded before import = 0Number of asset objects unloaded after import = 2

========================================================================
Received Import Request.
  Time since last request: 0.000034 seconds.
  path: Assets/Mess Maker Free/Materials/Fish Bone.mat
  artifactKey: Guid(09c68016b003f564297d4478ae9c3ee4) Importer(815301076,1909f56bfc062723c751e8b465ee728b)
Start importing Assets/Mess Maker Free/Materials/Fish Bone.mat using Guid(09c68016b003f564297d4478ae9c3ee4) Importer(815301076,1909f56bfc062723c751e8b465ee728b) (PreviewImporter) -> (artifact id: '9c59995379c172c7392669798f8186d7') in 0.0152585 seconds
Number of updated asset objects reloaded before import = 0Number of asset objects unloaded after import = 3

========================================================================
Received Import Request.
  Time since last request: 0.000053 seconds.
  path: Assets/Mess Maker Free/Materials/Wood.mat
  artifactKey: Guid(b6d4eb550b268604dba640237e0c07f7) Importer(815301076,1909f56bfc062723c751e8b465ee728b)
Start importing Assets/Mess Maker Free/Materials/Wood.mat using Guid(b6d4eb550b268604dba640237e0c07f7) Importer(815301076,1909f56bfc062723c751e8b465ee728b) (PreviewImporter) -> (artifact id: '082571a7b1be8bc1ef8e1c73a8c244be') in 0.0131042 seconds
Number of updated asset objects reloaded before import = 0Number of asset objects unloaded after import = 3

========================================================================
Received Import Request.
  Time since last request: 0.000024 seconds.
  path: Assets/Mess Maker Free/Materials/Soda Can Red 1.mat
  artifactKey: Guid(7ebe3ac864140434ca2fa8445c5cd453) Importer(815301076,1909f56bfc062723c751e8b465ee728b)
Start importing Assets/Mess Maker Free/Materials/Soda Can Red 1.mat using Guid(7ebe3ac864140434ca2fa8445c5cd453) Importer(815301076,1909f56bfc062723c751e8b465ee728b) (PreviewImporter) -> (artifact id: '954aa894e14a3104c0f4f5a0aa8da71e') in 0.0147618 seconds
Number of updated asset objects reloaded before import = 0Number of asset objects unloaded after import = 2

========================================================================
Received Import Request.
  Time since last request: 30.564514 seconds.
  path: Assets/Image/Main Menu/23 1.png
  artifactKey: Guid(c464a5f92a81db84cb8445487c082b64) Importer(815301076,1909f56bfc062723c751e8b465ee728b)
Start importing Assets/Image/Main Menu/23 1.png using Guid(c464a5f92a81db84cb8445487c082b64) Importer(815301076,1909f56bfc062723c751e8b465ee728b) (PreviewImporter) -> (artifact id: 'd1ae1833d6730de96cccc1cf937fcd07') in 0.0735876 seconds
Number of updated asset objects reloaded before import = 0Number of asset objects unloaded after import = 3

========================================================================
Received Import Request.
  Time since last request: 0.000051 seconds.
  path: Assets/Image/Main Menu/32.png
  artifactKey: Guid(306f69dfe7a9a2e4ba967d9c3b7ec827) Importer(815301076,1909f56bfc062723c751e8b465ee728b)
Start importing Assets/Image/Main Menu/32.png using Guid(306f69dfe7a9a2e4ba967d9c3b7ec827) Importer(815301076,1909f56bfc062723c751e8b465ee728b) (PreviewImporter) -> (artifact id: 'f8dd3106494e04118614c524db7b6a0f') in 0.0606452 seconds
Number of updated asset objects reloaded before import = 0Number of asset objects unloaded after import = 3

========================================================================
Received Import Request.
  Time since last request: 3.930238 seconds.
  path: Assets/Image/Main Menu/box empty.png
  artifactKey: Guid(e2d706e5ffe87cb43b95bf500d00135d) Importer(815301076,1909f56bfc062723c751e8b465ee728b)
Start importing Assets/Image/Main Menu/box empty.png using Guid(e2d706e5ffe87cb43b95bf500d00135d) Importer(815301076,1909f56bfc062723c751e8b465ee728b) (PreviewImporter) -> (artifact id: 'c06f4f0c6046bf03494a74dde0635464') in 0.0437452 seconds
Number of updated asset objects reloaded before import = 0Number of asset objects unloaded after import = 3

========================================================================
Received Import Request.
  Time since last request: 0.081773 seconds.
  path: Assets/Image/Main Menu/19 1.png
  artifactKey: Guid(e015c4276ec072144b79002976a610e2) Importer(815301076,1909f56bfc062723c751e8b465ee728b)
Start importing Assets/Image/Main Menu/19 1.png using Guid(e015c4276ec072144b79002976a610e2) Importer(815301076,1909f56bfc062723c751e8b465ee728b) (PreviewImporter) -> (artifact id: 'db2aeaf7784219d5046dde09b68d13f6') in 0.041168 seconds
Number of updated asset objects reloaded before import = 0Number of asset objects unloaded after import = 3

Editor requested this worker to shutdown with reason: Scaling down because of idle timeout
AssetImportWorker is now disconnected from the server
Process exiting
Exiting without the bug reporter. Application will terminate with return code 0