Using pre-set license
Built from '6000.0/release' branch; Version is '6000.0.29f1 (9fafe5c9db65) revision 10465253'; Using compiler version '193933523'; Build Type 'Release'
OS: 'Windows 11  (10.0.22631) 64bit CoreSingleLanguage' Language: 'en' Physical Memory: 7969 MB
BatchMode: 1, IsHumanControllingUs: 0, StartBugReporterOnCrash: 0, Is64bit: 1, IsPro: 1

COMMAND LINE ARGUMENTS:
D:\6000.0.29f1\Editor\Unity.exe
-adb2
-batchMode
-noUpm
-name
AssetImportWorker9
-projectPath
D:/GitHub/Game-dev-project
-logFile
Logs/AssetImportWorker9.log
-srvPort
62576
-job-worker-count
1
-background-job-worker-count
8
-asset-garbage-collectors
1
Successfully changed project path to: D:/GitHub/Game-dev-project
D:/GitHub/Game-dev-project
[UnityMemory] Configuration Parameters - Can be set up in boot.config
    "memorysetup-bucket-allocator-granularity=16"
    "memorysetup-bucket-allocator-bucket-count=8"
    "memorysetup-bucket-allocator-block-size=33554432"
    "memorysetup-bucket-allocator-block-count=8"
    "memorysetup-main-allocator-block-size=16777216"
    "memorysetup-thread-allocator-block-size=16777216"
    "memorysetup-gfx-main-allocator-block-size=16777216"
    "memorysetup-gfx-thread-allocator-block-size=16777216"
    "memorysetup-cache-allocator-block-size=4194304"
    "memorysetup-typetree-allocator-block-size=2097152"
    "memorysetup-profiler-bucket-allocator-granularity=16"
    "memorysetup-profiler-bucket-allocator-bucket-count=8"
    "memorysetup-profiler-bucket-allocator-block-size=33554432"
    "memorysetup-profiler-bucket-allocator-block-count=8"
    "memorysetup-profiler-allocator-block-size=16777216"
    "memorysetup-profiler-editor-allocator-block-size=1048576"
    "memorysetup-temp-allocator-size-main=16777216"
    "memorysetup-job-temp-allocator-block-size=2097152"
    "memorysetup-job-temp-allocator-block-size-background=1048576"
    "memorysetup-job-temp-allocator-reduction-small-platforms=262144"
    "memorysetup-allocator-temp-initial-block-size-main=262144"
    "memorysetup-allocator-temp-initial-block-size-worker=262144"
    "memorysetup-temp-allocator-size-background-worker=32768"
    "memorysetup-temp-allocator-size-job-worker=262144"
    "memorysetup-temp-allocator-size-preload-manager=33554432"
    "memorysetup-temp-allocator-size-nav-mesh-worker=65536"
    "memorysetup-temp-allocator-size-audio-worker=65536"
    "memorysetup-temp-allocator-size-cloud-worker=32768"
    "memorysetup-temp-allocator-size-gi-baking-worker=262144"
    "memorysetup-temp-allocator-size-gi-baking-worker=262144"
    "memorysetup-temp-allocator-size-gi-baking-worker=262144"
    "memorysetup-temp-allocator-size-gi-baking-worker=262144"
    "memorysetup-temp-allocator-size-gi-baking-worker=262144"
    "memorysetup-temp-allocator-size-gfx=262144"
Player connection [4988]  Target information:

Player connection [4988]  * "[IP] 192.168.1.12 [Port] 0 [Flags] 2 [Guid] 2543286181 [EditorId] 2543286181 [Version] 1048832 [Id] WindowsEditor(7,LAPTOP-IC10J0GO) [Debug] 1 [PackageName] WindowsEditor [ProjectName] Editor" 

Player connection [4988] Host joined multi-casting on [225.0.0.222:54997]...
Player connection [4988] Host joined alternative multi-casting on [225.0.0.222:34997]...
JobSystem: Creating JobQueue using job-worker-count value 1
[Physics::Module] Initialized fallback backend.
[Physics::Module] Id: 0xdecafbad
Library Redirect Path: Library/
[Physics::Module] Selected backend.
[Physics::Module] Name: PhysX
[Physics::Module] Id: 0xf2b8ea05
[Physics::Module] SDK Version: 4.1.2
[Physics::Module] Integration Version: 1.0.0
[Physics::Module] Threading Mode: Multi-Threaded
Refreshing native plugins compatible for Editor in 5.56 ms, found 3 plugins.
Preloading 0 native plugins for Editor in 0.00 ms.
Initialize engine version: 6000.0.29f1 (9fafe5c9db65)
[Subsystems] Discovering subsystems at path D:/6000.0.29f1/Editor/Data/Resources/UnitySubsystems
[Subsystems] Discovering subsystems at path D:/GitHub/Game-dev-project/Assets
GfxDevice: creating device client; kGfxThreadingModeNonThreaded
Direct3D:
    Version:  Direct3D 11.0 [level 11.1]
    Renderer: Intel(R) UHD Graphics (ID=0x8a56)
    Vendor:   Intel
    VRAM:     3984 MB
    Driver:   27.20.100.8681
Initialize mono
Mono path[0] = 'D:/6000.0.29f1/Editor/Data/Managed'
Mono path[1] = 'D:/6000.0.29f1/Editor/Data/MonoBleedingEdge/lib/mono/unityjit-win32'
Mono config path = 'D:/6000.0.29f1/Editor/Data/MonoBleedingEdge/etc'
Using monoOptions --debugger-agent=transport=dt_socket,embedding=1,server=y,suspend=n,address=127.0.0.1:56760
Begin MonoManager ReloadAssembly
Registering precompiled unity dll's ...
Register platform support module: D:/6000.0.29f1/Editor/Data/PlaybackEngines/WindowsStandaloneSupport/UnityEditor.WindowsStandalone.Extensions.dll
Registered in 0.014136 seconds.
- Loaded All Assemblies, in  3.481 seconds
Native extension for WindowsStandalone target not found
Mono: successfully reloaded assembly
- Finished resetting the current domain, in  0.695 seconds
Domain Reload Profiling: 4176ms
	BeginReloadAssembly (2975ms)
		ExecutionOrderSort (0ms)
		DisableScriptedObjects (0ms)
		BackupInstance (0ms)
		ReleaseScriptingObjects (0ms)
		CreateAndSetChildDomain (7ms)
	RebuildCommonClasses (96ms)
	RebuildNativeTypeToScriptingClass (27ms)
	initialDomainReloadingComplete (90ms)
	LoadAllAssembliesAndSetupDomain (293ms)
		LoadAssemblies (2967ms)
		RebuildTransferFunctionScriptingTraits (0ms)
		AnalyzeDomain (287ms)
			TypeCache.Refresh (285ms)
				TypeCache.ScanAssembly (248ms)
			BuildScriptInfoCaches (0ms)
			ResolveRequiredComponents (1ms)
	FinalizeReload (696ms)
		ReleaseScriptCaches (0ms)
		RebuildScriptCaches (0ms)
		SetupLoadedEditorAssemblies (598ms)
			LogAssemblyErrors (0ms)
			InitializePlatformSupportModulesInManaged (45ms)
			SetLoadedEditorAssemblies (7ms)
			BeforeProcessingInitializeOnLoad (11ms)
			ProcessInitializeOnLoadAttributes (377ms)
			ProcessInitializeOnLoadMethodAttributes (151ms)
			AfterProcessingInitializeOnLoad (6ms)
			EditorAssembliesLoaded (0ms)
		ExecutionOrderSort2 (0ms)
		AwakeInstancesAfterBackupRestoration (0ms)
========================================================================
Worker process is ready to serve import requests
Import Worker Mode flag is 0x00
Begin MonoManager ReloadAssembly
- Loaded All Assemblies, in  1.251 seconds
Refreshing native plugins compatible for Editor in 1.55 ms, found 3 plugins.
Native extension for WindowsStandalone target not found
Mono: successfully reloaded assembly
- Finished resetting the current domain, in  1.058 seconds
Domain Reload Profiling: 2308ms
	BeginReloadAssembly (353ms)
		ExecutionOrderSort (0ms)
		DisableScriptedObjects (10ms)
		BackupInstance (0ms)
		ReleaseScriptingObjects (0ms)
		CreateAndSetChildDomain (46ms)
	RebuildCommonClasses (86ms)
	RebuildNativeTypeToScriptingClass (17ms)
	initialDomainReloadingComplete (48ms)
	LoadAllAssembliesAndSetupDomain (746ms)
		LoadAssemblies (623ms)
		RebuildTransferFunctionScriptingTraits (0ms)
		AnalyzeDomain (361ms)
			TypeCache.Refresh (256ms)
				TypeCache.ScanAssembly (236ms)
			BuildScriptInfoCaches (89ms)
			ResolveRequiredComponents (14ms)
	FinalizeReload (1058ms)
		ReleaseScriptCaches (0ms)
		RebuildScriptCaches (0ms)
		SetupLoadedEditorAssemblies (833ms)
			LogAssemblyErrors (0ms)
			InitializePlatformSupportModulesInManaged (3ms)
			SetLoadedEditorAssemblies (6ms)
			BeforeProcessingInitializeOnLoad (72ms)
			ProcessInitializeOnLoadAttributes (633ms)
			ProcessInitializeOnLoadMethodAttributes (113ms)
			AfterProcessingInitializeOnLoad (5ms)
			EditorAssembliesLoaded (0ms)
		ExecutionOrderSort2 (0ms)
		AwakeInstancesAfterBackupRestoration (11ms)
Launched and connected shader compiler UnityShaderCompiler.exe after 0.02 seconds
Refreshing native plugins compatible for Editor in 1.29 ms, found 3 plugins.
Preloading 0 native plugins for Editor in 0.00 ms.
Unloading 215 Unused Serialized files (Serialized files now loaded: 0)
Unloading 5964 unused Assets / (4.2 MB). Loaded Objects now: 6662.
Memory consumption went from 163.9 MB to 159.7 MB.
Total: 13.335500 ms (FindLiveObjects: 0.932400 ms CreateObjectMapping: 1.205100 ms MarkObjects: 7.568400 ms  DeleteObjects: 3.627000 ms)

========================================================================
Received Import Request.
  Time since last request: 114534.886656 seconds.
  path: Assets/Runemark Studio/Freebies/Polygon Desert Pack/Prefabs/Cactus1.prefab
  artifactKey: Guid(575780dd1f55b7941803be0767c1e36e) Importer(815301076,1909f56bfc062723c751e8b465ee728b)
Start importing Assets/Runemark Studio/Freebies/Polygon Desert Pack/Prefabs/Cactus1.prefab using Guid(575780dd1f55b7941803be0767c1e36e) Importer(815301076,1909f56bfc062723c751e8b465ee728b) (PreviewImporter) -> (artifact id: '29e7a9cd586b9f1b835c65512cf7ab22') in 3.9456088 seconds
Number of updated asset objects reloaded before import = 0Number of asset objects unloaded after import = 11

========================================================================
Received Import Request.
  Time since last request: 131.634911 seconds.
  path: Assets/Runemark Studio/Freebies/Polygon Desert Pack/Materials/Thorn.mat
  artifactKey: Guid(f5862a071b976404b90477399414fa74) Importer(815301076,1909f56bfc062723c751e8b465ee728b)
Start importing Assets/Runemark Studio/Freebies/Polygon Desert Pack/Materials/Thorn.mat using Guid(f5862a071b976404b90477399414fa74) Importer(815301076,1909f56bfc062723c751e8b465ee728b) (PreviewImporter) -> (artifact id: '6781b03fb1a32316ebfe0da190934fa1') in 0.1395598 seconds
Number of updated asset objects reloaded before import = 0Number of asset objects unloaded after import = 1

========================================================================
Received Import Request.
  Time since last request: 0.000074 seconds.
  path: Assets/Runemark Studio/Freebies/Polygon Desert Pack/Materials/Thorn 1.mat
  artifactKey: Guid(3b1905115c09b6a47b4be0c78d44587d) Importer(815301076,1909f56bfc062723c751e8b465ee728b)
Start importing Assets/Runemark Studio/Freebies/Polygon Desert Pack/Materials/Thorn 1.mat using Guid(3b1905115c09b6a47b4be0c78d44587d) Importer(815301076,1909f56bfc062723c751e8b465ee728b) (PreviewImporter) -> (artifact id: 'c05f996b75263ffe3e55f7f7e91ccc4d') in 0.0240553 seconds
Number of updated asset objects reloaded before import = 0Number of asset objects unloaded after import = 1

========================================================================
Received Import Request.
  Time since last request: 950.907591 seconds.
  path: Assets/Runemark Studio/Freebies/Polygon Desert Pack/Materials/DesertRocks 1.mat
  artifactKey: Guid(1a314d5c76eee414b9a2d2e5342564b8) Importer(815301076,1909f56bfc062723c751e8b465ee728b)
Start importing Assets/Runemark Studio/Freebies/Polygon Desert Pack/Materials/DesertRocks 1.mat using Guid(1a314d5c76eee414b9a2d2e5342564b8) Importer(815301076,1909f56bfc062723c751e8b465ee728b) (PreviewImporter) -> (artifact id: 'baec3f9649c6f938e15e411f7fb9188f') in 0.0496676 seconds
Number of updated asset objects reloaded before import = 0Number of asset objects unloaded after import = 1

========================================================================
Received Import Request.
  Time since last request: 0.000056 seconds.
  path: Assets/Runemark Studio/Freebies/Polygon Desert Pack/Materials/Thorn.mat
  artifactKey: Guid(f5862a071b976404b90477399414fa74) Importer(815301076,1909f56bfc062723c751e8b465ee728b)
Start importing Assets/Runemark Studio/Freebies/Polygon Desert Pack/Materials/Thorn.mat using Guid(f5862a071b976404b90477399414fa74) Importer(815301076,1909f56bfc062723c751e8b465ee728b) (PreviewImporter) -> (artifact id: '335f9930323d723770c987e55acddc77') in 10.3394498 seconds
Number of updated asset objects reloaded before import = 0Number of asset objects unloaded after import = 1

========================================================================
Received Import Request.
  Time since last request: 194.172458 seconds.
  path: Assets/Runemark Studio/Freebies/Polygon Desert Pack/Prefabs/Cactus1.prefab
  artifactKey: Guid(575780dd1f55b7941803be0767c1e36e) Importer(815301076,1909f56bfc062723c751e8b465ee728b)
Start importing Assets/Runemark Studio/Freebies/Polygon Desert Pack/Prefabs/Cactus1.prefab using Guid(575780dd1f55b7941803be0767c1e36e) Importer(815301076,1909f56bfc062723c751e8b465ee728b) (PreviewImporter) -> (artifact id: '2aaaf4b6fe0fe8868a874dff70151d04') in 0.0663928 seconds
Number of updated asset objects reloaded before import = 0Number of asset objects unloaded after import = 11

========================================================================
Received Import Request.
  Time since last request: 0.000071 seconds.
  path: Assets/Runemark Studio/Freebies/Polygon Desert Pack/Prefabs/Cactus2.prefab
  artifactKey: Guid(65da5bb2d6e288b41baa018d8fec58f3) Importer(815301076,1909f56bfc062723c751e8b465ee728b)
Start importing Assets/Runemark Studio/Freebies/Polygon Desert Pack/Prefabs/Cactus2.prefab using Guid(65da5bb2d6e288b41baa018d8fec58f3) Importer(815301076,1909f56bfc062723c751e8b465ee728b) (PreviewImporter) -> (artifact id: '0c9b37343d008ed2242974da499f3c15') in 0.0656864 seconds
Number of updated asset objects reloaded before import = 0Number of asset objects unloaded after import = 11

========================================================================
Received Import Request.
  Time since last request: 300.326395 seconds.
  path: Assets/Runemark Studio/Freebies/Polygon Desert Pack/Prefabs/rock02.prefab
  artifactKey: Guid(91af7a3706671b943974b6ef43812fab) Importer(815301076,1909f56bfc062723c751e8b465ee728b)
Start importing Assets/Runemark Studio/Freebies/Polygon Desert Pack/Prefabs/rock02.prefab using Guid(91af7a3706671b943974b6ef43812fab) Importer(815301076,1909f56bfc062723c751e8b465ee728b) (PreviewImporter) -> (artifact id: 'cd386f7cadf97cea5b62528c5de055fa') in 4.3873793 seconds
Number of updated asset objects reloaded before import = 0Number of asset objects unloaded after import = 10

========================================================================
Received Import Request.
  Time since last request: 0.000049 seconds.
  path: Assets/Runemark Studio/Freebies/Polygon Desert Pack/Prefabs/rock08.prefab
  artifactKey: Guid(a45f923de9555884cbe160883ce87a74) Importer(815301076,1909f56bfc062723c751e8b465ee728b)
Start importing Assets/Runemark Studio/Freebies/Polygon Desert Pack/Prefabs/rock08.prefab using Guid(a45f923de9555884cbe160883ce87a74) Importer(815301076,1909f56bfc062723c751e8b465ee728b) (PreviewImporter) -> (artifact id: '85cc1a39ac24b35804581ea00fede82d') in 0.3002981 seconds
Number of updated asset objects reloaded before import = 0Number of asset objects unloaded after import = 10

========================================================================
Received Import Request.
  Time since last request: 0.000476 seconds.
  path: Assets/Runemark Studio/Freebies/Polygon Desert Pack/Prefabs/rock04.prefab
  artifactKey: Guid(37d65ed67498b304ea4da8a6b7c2d9b4) Importer(815301076,1909f56bfc062723c751e8b465ee728b)
Start importing Assets/Runemark Studio/Freebies/Polygon Desert Pack/Prefabs/rock04.prefab using Guid(37d65ed67498b304ea4da8a6b7c2d9b4) Importer(815301076,1909f56bfc062723c751e8b465ee728b) (PreviewImporter) -> (artifact id: 'ca4f367f623eacd8f128854d55265e24') in 0.2125371 seconds
Number of updated asset objects reloaded before import = 0Number of asset objects unloaded after import = 10

========================================================================
Received Import Request.
  Time since last request: 0.000067 seconds.
  path: Assets/Runemark Studio/Freebies/Polygon Desert Pack/Prefabs/rock06.prefab
  artifactKey: Guid(b7bdd751d1270e14291b000d68d117c1) Importer(815301076,1909f56bfc062723c751e8b465ee728b)
Start importing Assets/Runemark Studio/Freebies/Polygon Desert Pack/Prefabs/rock06.prefab using Guid(b7bdd751d1270e14291b000d68d117c1) Importer(815301076,1909f56bfc062723c751e8b465ee728b) (PreviewImporter) -> (artifact id: '74babc9e099a1df5623952026b93bcd9') in 0.0948841 seconds
Number of updated asset objects reloaded before import = 0Number of asset objects unloaded after import = 10

Editor requested this worker to shutdown with reason: Scaling down because of idle timeout
AssetImportWorkerClient::OnTransportError - code=2 error=End of file
AssetImportWorker is now disconnected from the server
Process exiting
Exiting without the bug reporter. Application will terminate with return code 0